# JRE version: OpenJDK Runtime Environment (8.0_292-b10) (build 1.8.0_292-8u292-b10-0ubuntu1-b10)
# Java VM: OpenJDK 64-Bit Server VM (25.292-b10 mixed mode linux-amd64 compressed oops)
Heap:
 PSYoungGen      total 359424K, used 230389K [0x0000000672200000, 0x0000000692c80000, 0x00000007c0000000)
  eden space 344576K, 62% used [0x0000000672200000,0x000000067f494df8,0x0000000687280000)
  from space 14848K, 99% used [0x000000068e780000,0x000000068f5e88e0,0x000000068f600000)
  to   space 40448K, 0% used [0x0000000690500000,0x0000000690500000,0x0000000692c80000)
 ParOldGen       total 452608K, used 51591K [0x00000003d6600000, 0x00000003f2000000, 0x0000000672200000)
  object space 452608K, 11% used [0x00000003d6600000,0x00000003d9861cd8,0x00000003f2000000)
 Metaspace       used 25929K, capacity 26198K, committed 26624K, reserved 1073152K
  class space    used 2400K, capacity 2504K, committed 2560K, reserved 1048576K
GC Heap History (10 events):
Event: 0.803 GC heap before
{Heap before GC invocations=2 (full 1):
 PSYoungGen      total 299520K, used 24501K [0x0000000672200000, 0x0000000696b00000, 0x00000007c0000000)
  eden space 257024K, 0% used [0x0000000672200000,0x0000000672200000,0x0000000681d00000)
  from space 42496K, 57% used [0x0000000681d00000,0x00000006834ed480,0x0000000684680000)
  to   space 42496K, 0% used [0x0000000694180000,0x0000000694180000,0x0000000696b00000)
 ParOldGen       total 684032K, used 24K [0x00000003d6600000, 0x0000000400200000, 0x0000000672200000)
  object space 684032K, 0% used [0x00000003d6600000,0x00000003d6606000,0x0000000400200000)
 Metaspace       used 20677K, capacity 20912K, committed 21296K, reserved 1069056K
  class space    used 2015K, capacity 2100K, committed 2176K, reserved 1048576K
Event: 0.825 GC heap after
Heap after GC invocations=2 (full 1):
 PSYoungGen      total 299520K, used 0K [0x0000000672200000, 0x0000000696b00000, 0x00000007c0000000)
  eden space 257024K, 0% used [0x0000000672200000,0x0000000672200000,0x0000000681d00000)
  from space 42496K, 0% used [0x0000000681d00000,0x0000000681d00000,0x0000000684680000)
  to   space 42496K, 0% used [0x0000000694180000,0x0000000694180000,0x0000000696b00000)
 ParOldGen       total 452608K, used 17809K [0x00000003d6600000, 0x00000003f2000000, 0x0000000672200000)
  object space 452608K, 3% used [0x00000003d6600000,0x00000003d77644a8,0x00000003f2000000)
 Metaspace       used 20677K, capacity 20912K, committed 21296K, reserved 1069056K
  class space    used 2015K, capacity 2100K, committed 2176K, reserved 1048576K
}
Event: 10.147 GC heap before
{Heap before GC invocations=3 (full 1):
 PSYoungGen      total 299520K, used 257024K [0x0000000672200000, 0x0000000696b00000, 0x00000007c0000000)
  eden space 257024K, 100% used [0x0000000672200000,0x0000000681d00000,0x0000000681d00000)
  from space 42496K, 0% used [0x0000000681d00000,0x0000000681d00000,0x0000000684680000)
  to   space 42496K, 0% used [0x0000000694180000,0x0000000694180000,0x0000000696b00000)
 ParOldGen       total 452608K, used 17809K [0x00000003d6600000, 0x00000003f2000000, 0x0000000672200000)
  object space 452608K, 3% used [0x00000003d6600000,0x00000003d77644a8,0x00000003f2000000)
 Metaspace       used 25488K, capacity 25814K, committed 26368K, reserved 1073152K
  class space    used 2394K, capacity 2504K, committed 2560K, reserved 1048576K
Event: 10.157 GC heap after
Heap after GC invocations=3 (full 1):
 PSYoungGen      total 344576K, used 36651K [0x0000000672200000, 0x0000000696580000, 0x00000007c0000000)
  eden space 307712K, 0% used [0x0000000672200000,0x0000000672200000,0x0000000684e80000)
  from space 36864K, 99% used [0x0000000694180000,0x000000069654afe0,0x0000000696580000)
  to   space 42496K, 0% used [0x0000000691280000,0x0000000691280000,0x0000000693c00000)
 ParOldGen       total 452608K, used 40325K [0x00000003d6600000, 0x00000003f2000000, 0x0000000672200000)
  object space 452608K, 8% used [0x00000003d6600000,0x00000003d8d614c8,0x00000003f2000000)
 Metaspace       used 25488K, capacity 25814K, committed 26368K, reserved 1073152K
  class space    used 2394K, capacity 2504K, committed 2560K, reserved 1048576K
}
Event: 30.442 GC heap before
{Heap before GC invocations=4 (full 1):
 PSYoungGen      total 344576K, used 344363K [0x0000000672200000, 0x0000000696580000, 0x00000007c0000000)
  eden space 307712K, 100% used [0x0000000672200000,0x0000000684e80000,0x0000000684e80000)
  from space 36864K, 99% used [0x0000000694180000,0x000000069654afe0,0x0000000696580000)
  to   space 42496K, 0% used [0x0000000691280000,0x0000000691280000,0x0000000693c00000)
 ParOldGen       total 452608K, used 40325K [0x00000003d6600000, 0x00000003f2000000, 0x0000000672200000)
  object space 452608K, 8% used [0x00000003d6600000,0x00000003d8d614c8,0x00000003f2000000)
 Metaspace       used 25725K, capacity 26006K, committed 26368K, reserved 1073152K
  class space    used 2395K, capacity 2504K, committed 2560K, reserved 1048576K
Event: 30.451 GC heap after
Heap after GC invocations=4 (full 1):
 PSYoungGen      total 378368K, used 25852K [0x0000000672200000, 0x0000000694200000, 0x00000007c0000000)
  eden space 352256K, 0% used [0x0000000672200000,0x0000000672200000,0x0000000687a00000)
  from space 26112K, 99% used [0x0000000691280000,0x0000000692bbf3e8,0x0000000692c00000)
  to   space 22528K, 0% used [0x0000000692c00000,0x0000000692c00000,0x0000000694200000)
 ParOldGen       total 452608K, used 40333K [0x00000003d6600000, 0x00000003f2000000, 0x0000000672200000)
  object space 452608K, 8% used [0x00000003d6600000,0x00000003d8d634c8,0x00000003f2000000)
 Metaspace       used 25725K, capacity 26006K, committed 26368K, reserved 1073152K
  class space    used 2395K, capacity 2504K, committed 2560K, reserved 1048576K
}
Event: 50.366 GC heap before
{Heap before GC invocations=5 (full 1):
 PSYoungGen      total 378368K, used 378108K [0x0000000672200000, 0x0000000694200000, 0x00000007c0000000)
  eden space 352256K, 100% used [0x0000000672200000,0x0000000687a00000,0x0000000687a00000)
  from space 26112K, 99% used [0x0000000691280000,0x0000000692bbf3e8,0x0000000692c00000)
  to   space 22528K, 0% used [0x0000000692c00000,0x0000000692c00000,0x0000000694200000)
 ParOldGen       total 452608K, used 40333K [0x00000003d6600000, 0x00000003f2000000, 0x0000000672200000)
  object space 452608K, 8% used [0x00000003d6600000,0x00000003d8d634c8,0x00000003f2000000)
 Metaspace       used 25763K, capacity 26070K, committed 26624K, reserved 1073152K
  class space    used 2397K, capacity 2504K, committed 2560K, reserved 1048576K
Event: 50.375 GC heap after
Heap after GC invocations=5 (full 1):
 PSYoungGen      total 367104K, used 14769K [0x0000000672200000, 0x0000000693a80000, 0x00000007c0000000)
  eden space 352256K, 0% used [0x0000000672200000,0x0000000672200000,0x0000000687a00000)
  from space 14848K, 99% used [0x0000000692c00000,0x0000000693a6c670,0x0000000693a80000)
  to   space 42496K, 0% used [0x000000068e780000,0x000000068e780000,0x0000000691100000)
 ParOldGen       total 452608K, used 51591K [0x00000003d6600000, 0x00000003f2000000, 0x0000000672200000)
  object space 452608K, 11% used [0x00000003d6600000,0x00000003d9861cd8,0x00000003f2000000)
 Metaspace       used 25763K, capacity 26070K, committed 26624K, reserved 1073152K
  class space    used 2397K, capacity 2504K, committed 2560K, reserved 1048576K
}
Event: 72.549 GC heap before
{Heap before GC invocations=6 (full 1):
 PSYoungGen      total 367104K, used 367025K [0x0000000672200000, 0x0000000693a80000, 0x00000007c0000000)
  eden space 352256K, 100% used [0x0000000672200000,0x0000000687a00000,0x0000000687a00000)
  from space 14848K, 99% used [0x0000000692c00000,0x0000000693a6c670,0x0000000693a80000)
  to   space 42496K, 0% used [0x000000068e780000,0x000000068e780000,0x0000000691100000)
 ParOldGen       total 452608K, used 51591K [0x00000003d6600000, 0x00000003f2000000, 0x0000000672200000)
  object space 452608K, 11% used [0x00000003d6600000,0x00000003d9861cd8,0x00000003f2000000)
 Metaspace       used 25773K, capacity 26070K, committed 26624K, reserved 1073152K
  class space    used 2397K, capacity 2504K, committed 2560K, reserved 1048576K
Event: 72.553 GC heap after
Heap after GC invocations=6 (full 1):
 PSYoungGen      total 359424K, used 14754K [0x0000000672200000, 0x0000000692c80000, 0x00000007c0000000)
  eden space 344576K, 0% used [0x0000000672200000,0x0000000672200000,0x0000000687280000)
  from space 14848K, 99% used [0x000000068e780000,0x000000068f5e88e0,0x000000068f600000)
  to   space 40448K, 0% used [0x0000000690500000,0x0000000690500000,0x0000000692c80000)
 ParOldGen       total 452608K, used 51591K [0x00000003d6600000, 0x00000003f2000000, 0x0000000672200000)
  object space 452608K, 11% used [0x00000003d6600000,0x00000003d9861cd8,0x00000003f2000000)
 Metaspace       used 25773K, capacity 26070K, committed 26624K, reserved 1073152K
  class space    used 2397K, capacity 2504K, committed 2560K, reserved 1048576K
}

