# JRE version: OpenJDK Runtime Environment (8.0_292-b10) (build 1.8.0_292-8u292-b10-0ubuntu1-b10)
# Java VM: OpenJDK 64-Bit Server VM (25.292-b10 mixed mode linux-amd64 compressed oops)
Heap:
 PSYoungGen      total 299520K, used 199379K [0x0000000672200000, 0x0000000687000000, 0x00000007c0000000)
  eden space 257024K, 68% used [0x0000000672200000,0x000000067ce57c60,0x0000000681d00000)
  from space 42496K, 53% used [0x0000000684680000,0x0000000685cdd318,0x0000000687000000)
  to   space 42496K, 0% used [0x0000000681d00000,0x0000000681d00000,0x0000000684680000)
 ParOldGen       total 458752K, used 39952K [0x00000003d6600000, 0x00000003f2600000, 0x0000000672200000)
  object space 458752K, 8% used [0x00000003d6600000,0x00000003d8d04158,0x00000003f2600000)
 Metaspace       used 26100K, capacity 26332K, committed 26880K, reserved 1073152K
  class space    used 2421K, capacity 2505K, committed 2560K, reserved 1048576K
GC Heap History (10 events):
Event: 1.886 GC heap before
{Heap before GC invocations=1 (full 0):
 PSYoungGen      total 299520K, used 113145K [0x0000000672200000, 0x0000000687000000, 0x00000007c0000000)
  eden space 257024K, 44% used [0x0000000672200000,0x000000067907e5e8,0x0000000681d00000)
  from space 42496K, 0% used [0x0000000684680000,0x0000000684680000,0x0000000687000000)
  to   space 42496K, 0% used [0x0000000681d00000,0x0000000681d00000,0x0000000684680000)
 ParOldGen       total 684032K, used 0K [0x00000003d6600000, 0x0000000400200000, 0x0000000672200000)
  object space 684032K, 0% used [0x00000003d6600000,0x00000003d6600000,0x0000000400200000)
 Metaspace       used 20685K, capacity 20918K, committed 21296K, reserved 1069056K
  class space    used 2018K, capacity 2101K, committed 2176K, reserved 1048576K
Event: 1.893 GC heap after
Heap after GC invocations=1 (full 0):
 PSYoungGen      total 299520K, used 24120K [0x0000000672200000, 0x0000000687000000, 0x00000007c0000000)
  eden space 257024K, 0% used [0x0000000672200000,0x0000000672200000,0x0000000681d00000)
  from space 42496K, 56% used [0x0000000681d00000,0x000000068348e2a8,0x0000000684680000)
  to   space 42496K, 0% used [0x0000000684680000,0x0000000684680000,0x0000000687000000)
 ParOldGen       total 684032K, used 24K [0x00000003d6600000, 0x0000000400200000, 0x0000000672200000)
  object space 684032K, 0% used [0x00000003d6600000,0x00000003d6606000,0x0000000400200000)
 Metaspace       used 20685K, capacity 20918K, committed 21296K, reserved 1069056K
  class space    used 2018K, capacity 2101K, committed 2176K, reserved 1048576K
}
Event: 1.893 GC heap before
{Heap before GC invocations=2 (full 1):
 PSYoungGen      total 299520K, used 24120K [0x0000000672200000, 0x0000000687000000, 0x00000007c0000000)
  eden space 257024K, 0% used [0x0000000672200000,0x0000000672200000,0x0000000681d00000)
  from space 42496K, 56% used [0x0000000681d00000,0x000000068348e2a8,0x0000000684680000)
  to   space 42496K, 0% used [0x0000000684680000,0x0000000684680000,0x0000000687000000)
 ParOldGen       total 684032K, used 24K [0x00000003d6600000, 0x0000000400200000, 0x0000000672200000)
  object space 684032K, 0% used [0x00000003d6600000,0x00000003d6606000,0x0000000400200000)
 Metaspace       used 20685K, capacity 20918K, committed 21296K, reserved 1069056K
  class space    used 2018K, capacity 2101K, committed 2176K, reserved 1048576K
Event: 1.913 GC heap after
Heap after GC invocations=2 (full 1):
 PSYoungGen      total 299520K, used 0K [0x0000000672200000, 0x0000000687000000, 0x00000007c0000000)
  eden space 257024K, 0% used [0x0000000672200000,0x0000000672200000,0x0000000681d00000)
  from space 42496K, 0% used [0x0000000681d00000,0x0000000681d00000,0x0000000684680000)
  to   space 42496K, 0% used [0x0000000684680000,0x0000000684680000,0x0000000687000000)
 ParOldGen       total 458752K, used 17422K [0x00000003d6600000, 0x00000003f2600000, 0x0000000672200000)
  object space 458752K, 3% used [0x00000003d6600000,0x00000003d7703aa0,0x00000003f2600000)
 Metaspace       used 20685K, capacity 20918K, committed 21296K, reserved 1069056K
  class space    used 2018K, capacity 2101K, committed 2176K, reserved 1048576K
}
Event: 11.323 GC heap before
{Heap before GC invocations=3 (full 1):
 PSYoungGen      total 299520K, used 257013K [0x0000000672200000, 0x0000000687000000, 0x00000007c0000000)
  eden space 257024K, 99% used [0x0000000672200000,0x0000000681cfd448,0x0000000681d00000)
  from space 42496K, 0% used [0x0000000681d00000,0x0000000681d00000,0x0000000684680000)
  to   space 42496K, 0% used [0x0000000684680000,0x0000000684680000,0x0000000687000000)
 ParOldGen       total 458752K, used 17422K [0x00000003d6600000, 0x00000003f2600000, 0x0000000672200000)
  object space 458752K, 3% used [0x00000003d6600000,0x00000003d7703aa0,0x00000003f2600000)
 Metaspace       used 25663K, capacity 25948K, committed 26368K, reserved 1073152K
  class space    used 2413K, capacity 2505K, committed 2560K, reserved 1048576K
Event: 11.333 GC heap after
Heap after GC invocations=3 (full 1):
 PSYoungGen      total 299520K, used 36396K [0x0000000672200000, 0x000000068a300000, 0x00000007c0000000)
  eden space 257024K, 0% used [0x0000000672200000,0x0000000672200000,0x0000000681d00000)
  from space 42496K, 85% used [0x0000000684680000,0x0000000686a0b2b0,0x0000000687000000)
  to   space 42496K, 0% used [0x0000000681d00000,0x0000000681d00000,0x0000000684680000)
 ParOldGen       total 458752K, used 39936K [0x00000003d6600000, 0x00000003f2600000, 0x0000000672200000)
  object space 458752K, 8% used [0x00000003d6600000,0x00000003d8d00158,0x00000003f2600000)
 Metaspace       used 25663K, capacity 25948K, committed 26368K, reserved 1073152K
  class space    used 2413K, capacity 2505K, committed 2560K, reserved 1048576K
}
Event: 27.025 GC heap before
{Heap before GC invocations=4 (full 1):
 PSYoungGen      total 299520K, used 293420K [0x0000000672200000, 0x000000068a300000, 0x00000007c0000000)
  eden space 257024K, 100% used [0x0000000672200000,0x0000000681d00000,0x0000000681d00000)
  from space 42496K, 85% used [0x0000000684680000,0x0000000686a0b2b0,0x0000000687000000)
  to   space 42496K, 0% used [0x0000000681d00000,0x0000000681d00000,0x0000000684680000)
 ParOldGen       total 458752K, used 39936K [0x00000003d6600000, 0x00000003f2600000, 0x0000000672200000)
  object space 458752K, 8% used [0x00000003d6600000,0x00000003d8d00158,0x00000003f2600000)
 Metaspace       used 26029K, capacity 26332K, committed 26880K, reserved 1073152K
  class space    used 2417K, capacity 2505K, committed 2560K, reserved 1048576K
Event: 27.029 GC heap after
Heap after GC invocations=4 (full 1):
 PSYoungGen      total 299520K, used 25332K [0x0000000672200000, 0x0000000687000000, 0x00000007c0000000)
  eden space 257024K, 0% used [0x0000000672200000,0x0000000672200000,0x0000000681d00000)
  from space 42496K, 59% used [0x0000000681d00000,0x00000006835bd2c0,0x0000000684680000)
  to   space 42496K, 0% used [0x0000000684680000,0x0000000684680000,0x0000000687000000)
 ParOldGen       total 458752K, used 39944K [0x00000003d6600000, 0x00000003f2600000, 0x0000000672200000)
  object space 458752K, 8% used [0x00000003d6600000,0x00000003d8d02158,0x00000003f2600000)
 Metaspace       used 26029K, capacity 26332K, committed 26880K, reserved 1073152K
  class space    used 2417K, capacity 2505K, committed 2560K, reserved 1048576K
}
Event: 43.322 GC heap before
{Heap before GC invocations=5 (full 1):
 PSYoungGen      total 299520K, used 282356K [0x0000000672200000, 0x0000000687000000, 0x00000007c0000000)
  eden space 257024K, 100% used [0x0000000672200000,0x0000000681d00000,0x0000000681d00000)
  from space 42496K, 59% used [0x0000000681d00000,0x00000006835bd2c0,0x0000000684680000)
  to   space 42496K, 0% used [0x0000000684680000,0x0000000684680000,0x0000000687000000)
 ParOldGen       total 458752K, used 39944K [0x00000003d6600000, 0x00000003f2600000, 0x0000000672200000)
  object space 458752K, 8% used [0x00000003d6600000,0x00000003d8d02158,0x00000003f2600000)
 Metaspace       used 26077K, capacity 26332K, committed 26880K, reserved 1073152K
  class space    used 2418K, capacity 2505K, committed 2560K, reserved 1048576K
Event: 43.326 GC heap after
Heap after GC invocations=5 (full 1):
 PSYoungGen      total 299520K, used 22900K [0x0000000672200000, 0x0000000687000000, 0x00000007c0000000)
  eden space 257024K, 0% used [0x0000000672200000,0x0000000672200000,0x0000000681d00000)
  from space 42496K, 53% used [0x0000000684680000,0x0000000685cdd318,0x0000000687000000)
  to   space 42496K, 0% used [0x0000000681d00000,0x0000000681d00000,0x0000000684680000)
 ParOldGen       total 458752K, used 39952K [0x00000003d6600000, 0x00000003f2600000, 0x0000000672200000)
  object space 458752K, 8% used [0x00000003d6600000,0x00000003d8d04158,0x00000003f2600000)
 Metaspace       used 26077K, capacity 26332K, committed 26880K, reserved 1073152K
  class space    used 2418K, capacity 2505K, committed 2560K, reserved 1048576K
}

