# JRE version: OpenJDK Runtime Environment (8.0_292-b10) (build 1.8.0_292-8u292-b10-0ubuntu1-b10)
# Java VM: OpenJDK 64-Bit Server VM (25.292-b10 mixed mode linux-amd64 compressed oops)
Heap:
 PSYoungGen      total 299520K, used 183520K [0x0000000672200000, 0x000000068a580000, 0x00000007c0000000)
  eden space 257024K, 57% used [0x0000000672200000,0x000000067b1e1400,0x0000000681d00000)
  from space 42496K, 85% used [0x0000000684680000,0x00000006869d6fd0,0x0000000687000000)
  to   space 42496K, 0% used [0x0000000681d00000,0x0000000681d00000,0x0000000684680000)
 ParOldGen       total 454656K, used 39942K [0x00000003d6600000, 0x00000003f2200000, 0x0000000672200000)
  object space 454656K, 8% used [0x00000003d6600000,0x00000003d8d01978,0x00000003f2200000)
 Metaspace       used 25662K, capacity 25998K, committed 26368K, reserved 1073152K
  class space    used 2401K, capacity 2504K, committed 2560K, reserved 1048576K
GC Heap History (6 events):
Event: 1.845 GC heap before
{Heap before GC invocations=1 (full 0):
 PSYoungGen      total 299520K, used 113145K [0x0000000672200000, 0x0000000687000000, 0x00000007c0000000)
  eden space 257024K, 44% used [0x0000000672200000,0x000000067907e5b8,0x0000000681d00000)
  from space 42496K, 0% used [0x0000000684680000,0x0000000684680000,0x0000000687000000)
  to   space 42496K, 0% used [0x0000000681d00000,0x0000000681d00000,0x0000000684680000)
 ParOldGen       total 684032K, used 0K [0x00000003d6600000, 0x0000000400200000, 0x0000000672200000)
  object space 684032K, 0% used [0x00000003d6600000,0x00000003d6600000,0x0000000400200000)
 Metaspace       used 20680K, capacity 20910K, committed 21296K, reserved 1069056K
  class space    used 2018K, capacity 2101K, committed 2176K, reserved 1048576K
Event: 1.854 GC heap after
Heap after GC invocations=1 (full 0):
 PSYoungGen      total 299520K, used 24100K [0x0000000672200000, 0x0000000687000000, 0x00000007c0000000)
  eden space 257024K, 0% used [0x0000000672200000,0x0000000672200000,0x0000000681d00000)
  from space 42496K, 56% used [0x0000000681d00000,0x0000000683489128,0x0000000684680000)
  to   space 42496K, 0% used [0x0000000684680000,0x0000000684680000,0x0000000687000000)
 ParOldGen       total 684032K, used 24K [0x00000003d6600000, 0x0000000400200000, 0x0000000672200000)
  object space 684032K, 0% used [0x00000003d6600000,0x00000003d6606000,0x0000000400200000)
 Metaspace       used 20680K, capacity 20910K, committed 21296K, reserved 1069056K
  class space    used 2018K, capacity 2101K, committed 2176K, reserved 1048576K
}
Event: 1.854 GC heap before
{Heap before GC invocations=2 (full 1):
 PSYoungGen      total 299520K, used 24100K [0x0000000672200000, 0x0000000687000000, 0x00000007c0000000)
  eden space 257024K, 0% used [0x0000000672200000,0x0000000672200000,0x0000000681d00000)
  from space 42496K, 56% used [0x0000000681d00000,0x0000000683489128,0x0000000684680000)
  to   space 42496K, 0% used [0x0000000684680000,0x0000000684680000,0x0000000687000000)
 ParOldGen       total 684032K, used 24K [0x00000003d6600000, 0x0000000400200000, 0x0000000672200000)
  object space 684032K, 0% used [0x00000003d6600000,0x00000003d6606000,0x0000000400200000)
 Metaspace       used 20680K, capacity 20910K, committed 21296K, reserved 1069056K
  class space    used 2018K, capacity 2101K, committed 2176K, reserved 1048576K
Event: 1.873 GC heap after
Heap after GC invocations=2 (full 1):
 PSYoungGen      total 299520K, used 0K [0x0000000672200000, 0x0000000687000000, 0x00000007c0000000)
  eden space 257024K, 0% used [0x0000000672200000,0x0000000672200000,0x0000000681d00000)
  from space 42496K, 0% used [0x0000000681d00000,0x0000000681d00000,0x0000000684680000)
  to   space 42496K, 0% used [0x0000000684680000,0x0000000684680000,0x0000000687000000)
 ParOldGen       total 454656K, used 17428K [0x00000003d6600000, 0x00000003f2200000, 0x0000000672200000)
  object space 454656K, 3% used [0x00000003d6600000,0x00000003d77052c0,0x00000003f2200000)
 Metaspace       used 20680K, capacity 20910K, committed 21296K, reserved 1069056K
  class space    used 2018K, capacity 2101K, committed 2176K, reserved 1048576K
}
Event: 11.363 GC heap before
{Heap before GC invocations=3 (full 1):
 PSYoungGen      total 299520K, used 257024K [0x0000000672200000, 0x0000000687000000, 0x00000007c0000000)
  eden space 257024K, 100% used [0x0000000672200000,0x0000000681d00000,0x0000000681d00000)
  from space 42496K, 0% used [0x0000000681d00000,0x0000000681d00000,0x0000000684680000)
  to   space 42496K, 0% used [0x0000000684680000,0x0000000684680000,0x0000000687000000)
 ParOldGen       total 454656K, used 17428K [0x00000003d6600000, 0x00000003f2200000, 0x0000000672200000)
  object space 454656K, 3% used [0x00000003d6600000,0x00000003d77052c0,0x00000003f2200000)
 Metaspace       used 25455K, capacity 25742K, committed 26112K, reserved 1073152K
  class space    used 2396K, capacity 2504K, committed 2560K, reserved 1048576K
Event: 11.374 GC heap after
Heap after GC invocations=3 (full 1):
 PSYoungGen      total 299520K, used 36187K [0x0000000672200000, 0x000000068a580000, 0x00000007c0000000)
  eden space 257024K, 0% used [0x0000000672200000,0x0000000672200000,0x0000000681d00000)
  from space 42496K, 85% used [0x0000000684680000,0x00000006869d6fd0,0x0000000687000000)
  to   space 42496K, 0% used [0x0000000681d00000,0x0000000681d00000,0x0000000684680000)
 ParOldGen       total 454656K, used 39942K [0x00000003d6600000, 0x00000003f2200000, 0x0000000672200000)
  object space 454656K, 8% used [0x00000003d6600000,0x00000003d8d01978,0x00000003f2200000)
 Metaspace       used 25455K, capacity 25742K, committed 26112K, reserved 1073152K
  class space    used 2396K, capacity 2504K, committed 2560K, reserved 1048576K
}

